Determining if the pthread_create exist failed with the following output:
Change Dir: /home/yangh/Desktop/rgbdSLAM/cmake-build-debug/CMakeFiles/CMakeTmp

Run Build Command:"/usr/bin/make" "cmTC_e1b42/fast"
/usr/bin/make -f CMakeFiles/cmTC_e1b42.dir/build.make CMakeFiles/cmTC_e1b42.dir/build
make[1]: Entering directory '/home/yangh/Desktop/rgbdSLAM/cmake-build-debug/CMakeFiles/CMakeTmp'
Building C object CMakeFiles/cmTC_e1b42.dir/CheckSymbolExists.c.o
/usr/bin/cc    -o CMakeFiles/cmTC_e1b42.dir/CheckSymbolExists.c.o   -c /home/yangh/Desktop/rgbdSLAM/cmake-build-debug/CMakeFiles/CMakeTmp/CheckSymbolExists.c
Linking C executable cmTC_e1b42
/home/yangh/clion-2018.2.2/bin/cmake/linux/bin/cmake -E cmake_link_script CMakeFiles/cmTC_e1b42.dir/link.txt --verbose=1
/usr/bin/cc      CMakeFiles/cmTC_e1b42.dir/CheckSymbolExists.c.o  -o cmTC_e1b42 
CMakeFiles/cmTC_e1b42.dir/CheckSymbolExists.c.o：在函数‘main’中：
CheckSymbolExists.c:(.text+0x16)：对‘pthread_create’未定义的引用
collect2: error: ld returned 1 exit status
CMakeFiles/cmTC_e1b42.dir/build.make:86: recipe for target 'cmTC_e1b42' failed
make[1]: *** [cmTC_e1b42] Error 1
make[1]: Leaving directory '/home/yangh/Desktop/rgbdSLAM/cmake-build-debug/CMakeFiles/CMakeTmp'
Makefile:121: recipe for target 'cmTC_e1b42/fast' failed
make: *** [cmTC_e1b42/fast] Error 2

File /home/yangh/Desktop/rgbdSLAM/cmake-build-debug/CMakeFiles/CMakeTmp/CheckSymbolExists.c:
/* */
#include <pthread.h>

int main(int argc, char** argv)
{
  (void)argv;
#ifndef pthread_create
  return ((int*)(&pthread_create))[argc];
#else
  (void)argc;
  return 0;
#endif
}

Determining if the function pthread_create exists in the pthreads failed with the following output:
Change Dir: /home/yangh/Desktop/rgbdSLAM/cmake-build-debug/CMakeFiles/CMakeTmp

Run Build Command:"/usr/bin/make" "cmTC_46fa7/fast"
/usr/bin/make -f CMakeFiles/cmTC_46fa7.dir/build.make CMakeFiles/cmTC_46fa7.dir/build
make[1]: Entering directory '/home/yangh/Desktop/rgbdSLAM/cmake-build-debug/CMakeFiles/CMakeTmp'
Building C object CMakeFiles/cmTC_46fa7.dir/CheckFunctionExists.c.o
/usr/bin/cc   -DCHECK_FUNCTION_EXISTS=pthread_create   -o CMakeFiles/cmTC_46fa7.dir/CheckFunctionExists.c.o   -c /home/yangh/clion-2018.2.2/bin/cmake/linux/share/cmake-3.12/Modules/CheckFunctionExists.c
Linking C executable cmTC_46fa7
/home/yangh/clion-2018.2.2/bin/cmake/linux/bin/cmake -E cmake_link_script CMakeFiles/cmTC_46fa7.dir/link.txt --verbose=1
/usr/bin/cc  -DCHECK_FUNCTION_EXISTS=pthread_create    CMakeFiles/cmTC_46fa7.dir/CheckFunctionExists.c.o  -o cmTC_46fa7 -lpthreads 
/usr/bin/ld: 找不到 -lpthreads
collect2: error: ld returned 1 exit status
CMakeFiles/cmTC_46fa7.dir/build.make:86: recipe for target 'cmTC_46fa7' failed
make[1]: *** [cmTC_46fa7] Error 1
make[1]: Leaving directory '/home/yangh/Desktop/rgbdSLAM/cmake-build-debug/CMakeFiles/CMakeTmp'
Makefile:121: recipe for target 'cmTC_46fa7/fast' failed
make: *** [cmTC_46fa7/fast] Error 2


