Determining if the pthread_create exist failed with the following output:
Change Dir: /home/yangh/Desktop/rgbdSLAM/CMakeFiles/CMakeTmp

Run Build Command:"/usr/bin/make" "cmTC_ec57d/fast"
/usr/bin/make -f CMakeFiles/cmTC_ec57d.dir/build.make CMakeFiles/cmTC_ec57d.dir/build
make[1]: Entering directory '/home/yangh/Desktop/rgbdSLAM/CMakeFiles/CMakeTmp'
Building C object CMakeFiles/cmTC_ec57d.dir/CheckSymbolExists.c.o
/usr/bin/cc     -o CMakeFiles/cmTC_ec57d.dir/CheckSymbolExists.c.o   -c /home/yangh/Desktop/rgbdSLAM/CMakeFiles/CMakeTmp/CheckSymbolExists.c
Linking C executable cmTC_ec57d
/usr/bin/cmake -E cmake_link_script CMakeFiles/cmTC_ec57d.dir/link.txt --verbose=1
/usr/bin/cc       CMakeFiles/cmTC_ec57d.dir/CheckSymbolExists.c.o  -o cmTC_ec57d 
CMakeFiles/cmTC_ec57d.dir/CheckSymbolExists.c.o：在函数‘main’中：
CheckSymbolExists.c:(.text+0x16)：对‘pthread_create’未定义的引用
collect2: error: ld returned 1 exit status
CMakeFiles/cmTC_ec57d.dir/build.make:97: recipe for target 'cmTC_ec57d' failed
make[1]: *** [cmTC_ec57d] Error 1
make[1]: Leaving directory '/home/yangh/Desktop/rgbdSLAM/CMakeFiles/CMakeTmp'
Makefile:126: recipe for target 'cmTC_ec57d/fast' failed
make: *** [cmTC_ec57d/fast] Error 2

File /home/yangh/Desktop/rgbdSLAM/CMakeFiles/CMakeTmp/CheckSymbolExists.c:
/* */
#include <pthread.h>

int main(int argc, char** argv)
{
  (void)argv;
#ifndef pthread_create
  return ((int*)(&pthread_create))[argc];
#else
  (void)argc;
  return 0;
#endif
}

Determining if the function pthread_create exists in the pthreads failed with the following output:
Change Dir: /home/yangh/Desktop/rgbdSLAM/CMakeFiles/CMakeTmp

Run Build Command:"/usr/bin/make" "cmTC_500bc/fast"
/usr/bin/make -f CMakeFiles/cmTC_500bc.dir/build.make CMakeFiles/cmTC_500bc.dir/build
make[1]: Entering directory '/home/yangh/Desktop/rgbdSLAM/CMakeFiles/CMakeTmp'
Building C object CMakeFiles/cmTC_500bc.dir/CheckFunctionExists.c.o
/usr/bin/cc    -DCHECK_FUNCTION_EXISTS=pthread_create   -o CMakeFiles/cmTC_500bc.dir/CheckFunctionExists.c.o   -c /usr/share/cmake-3.5/Modules/CheckFunctionExists.c
Linking C executable cmTC_500bc
/usr/bin/cmake -E cmake_link_script CMakeFiles/cmTC_500bc.dir/link.txt --verbose=1
/usr/bin/cc   -DCHECK_FUNCTION_EXISTS=pthread_create    CMakeFiles/cmTC_500bc.dir/CheckFunctionExists.c.o  -o cmTC_500bc -lpthreads 
/usr/bin/ld: 找不到 -lpthreads
collect2: error: ld returned 1 exit status
CMakeFiles/cmTC_500bc.dir/build.make:97: recipe for target 'cmTC_500bc' failed
make[1]: *** [cmTC_500bc] Error 1
make[1]: Leaving directory '/home/yangh/Desktop/rgbdSLAM/CMakeFiles/CMakeTmp'
Makefile:126: recipe for target 'cmTC_500bc/fast' failed
make: *** [cmTC_500bc/fast] Error 2


